<?xml version="1.0" encoding="UTF-8"?>
<!-- Generated by org.testng.reporters.JUnitReportReporter -->
<testsuite hostname="intervest" failures="0" tests="1" name="FetchExchangeRateGBP" time="16.883" errors="0" timestamp="2022-10-17T13:52:46 IST" skipped="0">
  <testcase classname="FetchExchangeRateGBP" name="uk_gbp_tt_buying_rate" time="16.883"/>
  <system-out/>
</testsuite> <!-- FetchExchangeRateGBP -->
